<?xml version="1.0" encoding="UTF-8"?>
<!-- Generated by org.testng.reporters.JUnitXMLReporter -->
<testsuite ignored="0" hostname="POOLW42SLPC7758" failures="0" tests="7" name="Ecommerce_TestCase" time="251.437" errors="0" timestamp="2022-12-09T13:43:02 IST">
  <testcase classname="TestCase.TestCase_Ecommerce" name="Valid" time="12.086"/>
  <testcase classname="TestCase.TestCase_Ecommerce" name="Maxchar" time="15.051"/>
  <testcase classname="TestCase.TestCase_Ecommerce" name="numbers" time="35.107"/>
  <testcase classname="TestCase.TestCase_Ecommerce" name="specialchar" time="22.323"/>
  <testcase classname="TestCase.TestCase_Ecommerce" name="blank" time="14.363"/>
  <testcase classname="TestCase.TestCase_Ecommerce" name="alphanumeric" time="17.191"/>
  <testcase classname="TestCase.TestCase_Ecommerce" name="blankimage" time="11.285"/>
</testsuite> <!-- Ecommerce_TestCase -->
