<?xml version="1.0" encoding="UTF-8"?>
<testng-results ignored="0" total="2" passed="2" failed="0" skipped="0">
  <reporter-output>
  </reporter-output>
  <suite started-at="2022-12-09T17:08:59 IST" name="Default suite" finished-at="2022-12-09T17:09:03 IST" duration-ms="4497">
    <groups>
    </groups>
    <test started-at="2022-12-09T17:08:59 IST" name="Default test" finished-at="2022-12-09T17:09:03 IST" duration-ms="4497">
      <class name="Testcase.Post">
        <test-method is-config="true" signature="setSpecification()[pri:0, instance:Testcase.Post@6a8658ff]" started-at="2022-12-09T17:08:59 IST" name="setSpecification" finished-at="2022-12-09T17:09:00 IST" duration-ms="704" status="PASS">
          <reporter-output>
          </reporter-output>
        </test-method> <!-- setSpecification -->
        <test-method signature="loginuser()[pri:1, instance:Testcase.Post@6a8658ff]" started-at="2022-12-09T17:09:00 IST" name="loginuser" finished-at="2022-12-09T17:09:01 IST" duration-ms="1820" status="PASS">
          <reporter-output>
          </reporter-output>
        </test-method> <!-- loginuser -->
        <test-method signature="blank()[pri:2, instance:Testcase.Post@6a8658ff]" started-at="2022-12-09T17:09:01 IST" name="blank" finished-at="2022-12-09T17:09:03 IST" duration-ms="1936" status="PASS">
          <reporter-output>
          </reporter-output>
        </test-method> <!-- blank -->
      </class> <!-- Testcase.Post -->
    </test> <!-- Default test -->
  </suite> <!-- Default suite -->
</testng-results>
