<?xml version="1.0" encoding="UTF-8"?>
<testng-results ignored="0" total="7" passed="7" failed="0" skipped="0">
  <reporter-output>
  </reporter-output>
  <suite started-at="2022-12-09T13:38:51 IST" name="Update category" finished-at="2022-12-09T13:43:02 IST" duration-ms="251437">
    <groups>
    </groups>
    <test started-at="2022-12-09T13:38:51 IST" name="Ecommerce_TestCase" finished-at="2022-12-09T13:43:02 IST" duration-ms="251437">
      <class name="TestCase.TestCase_Ecommerce">
        <test-method is-config="true" signature="beforeClass()[pri:0, instance:TestCase.TestCase_Ecommerce@6f01b95f]" started-at="2022-12-09T13:38:51 IST" name="beforeClass" finished-at="2022-12-09T13:38:51 IST" duration-ms="16" status="PASS">
          <reporter-output>
          </reporter-output>
        </test-method> <!-- beforeClass -->
        <test-method is-config="true" signature="setup(java.lang.String,java.lang.String)[pri:0, instance:TestCase.TestCase_Ecommerce@6f01b95f]" started-at="2022-12-09T13:38:51 IST" name="setup" finished-at="2022-12-09T13:39:10 IST" duration-ms="18856" status="PASS">
          <params>
            <param index="0">
              <value>
                <![CDATA[chrome]]>
              </value>
            </param>
            <param index="1">
              <value>
                <![CDATA[https://products.pisystindia.com/Ecommerce/admin]]>
              </value>
            </param>
          </params>
          <reporter-output>
          </reporter-output>
        </test-method> <!-- setup -->
        <test-method signature="Valid()[pri:1, instance:TestCase.TestCase_Ecommerce@6f01b95f]" started-at="2022-12-09T13:39:10 IST" name="Valid" description="Testing add Coupon" finished-at="2022-12-09T13:39:22 IST" duration-ms="12086" status="PASS">
          <reporter-output>
          </reporter-output>
        </test-method> <!-- Valid -->
        <test-method is-config="true" signature="tearDown()[pri:0, instance:TestCase.TestCase_Ecommerce@6f01b95f]" started-at="2022-12-09T13:39:22 IST" name="tearDown" finished-at="2022-12-09T13:39:22 IST" duration-ms="266" status="PASS">
          <reporter-output>
          </reporter-output>
        </test-method> <!-- tearDown -->
        <test-method is-config="true" signature="setup(java.lang.String,java.lang.String)[pri:0, instance:TestCase.TestCase_Ecommerce@6f01b95f]" started-at="2022-12-09T13:39:22 IST" name="setup" finished-at="2022-12-09T13:39:39 IST" duration-ms="16952" status="PASS">
          <params>
            <param index="0">
              <value>
                <![CDATA[chrome]]>
              </value>
            </param>
            <param index="1">
              <value>
                <![CDATA[https://products.pisystindia.com/Ecommerce/admin]]>
              </value>
            </param>
          </params>
          <reporter-output>
          </reporter-output>
        </test-method> <!-- setup -->
        <test-method signature="Maxchar()[pri:2, instance:TestCase.TestCase_Ecommerce@6f01b95f]" started-at="2022-12-09T13:39:39 IST" name="Maxchar" description="Testing add Coupon" finished-at="2022-12-09T13:39:54 IST" duration-ms="15051" status="PASS">
          <reporter-output>
          </reporter-output>
        </test-method> <!-- Maxchar -->
        <test-method is-config="true" signature="tearDown()[pri:0, instance:TestCase.TestCase_Ecommerce@6f01b95f]" started-at="2022-12-09T13:39:54 IST" name="tearDown" finished-at="2022-12-09T13:39:54 IST" duration-ms="185" status="PASS">
          <reporter-output>
          </reporter-output>
        </test-method> <!-- tearDown -->
        <test-method is-config="true" signature="setup(java.lang.String,java.lang.String)[pri:0, instance:TestCase.TestCase_Ecommerce@6f01b95f]" started-at="2022-12-09T13:39:54 IST" name="setup" finished-at="2022-12-09T13:40:12 IST" duration-ms="17386" status="PASS">
          <params>
            <param index="0">
              <value>
                <![CDATA[chrome]]>
              </value>
            </param>
            <param index="1">
              <value>
                <![CDATA[https://products.pisystindia.com/Ecommerce/admin]]>
              </value>
            </param>
          </params>
          <reporter-output>
          </reporter-output>
        </test-method> <!-- setup -->
        <test-method signature="numbers()[pri:3, instance:TestCase.TestCase_Ecommerce@6f01b95f]" started-at="2022-12-09T13:40:12 IST" name="numbers" description="Testing add Coupon" finished-at="2022-12-09T13:40:47 IST" duration-ms="35107" status="PASS">
          <reporter-output>
          </reporter-output>
        </test-method> <!-- numbers -->
        <test-method is-config="true" signature="tearDown()[pri:0, instance:TestCase.TestCase_Ecommerce@6f01b95f]" started-at="2022-12-09T13:40:47 IST" name="tearDown" finished-at="2022-12-09T13:40:47 IST" duration-ms="248" status="PASS">
          <reporter-output>
          </reporter-output>
        </test-method> <!-- tearDown -->
        <test-method is-config="true" signature="setup(java.lang.String,java.lang.String)[pri:0, instance:TestCase.TestCase_Ecommerce@6f01b95f]" started-at="2022-12-09T13:40:47 IST" name="setup" finished-at="2022-12-09T13:41:04 IST" duration-ms="16931" status="PASS">
          <params>
            <param index="0">
              <value>
                <![CDATA[chrome]]>
              </value>
            </param>
            <param index="1">
              <value>
                <![CDATA[https://products.pisystindia.com/Ecommerce/admin]]>
              </value>
            </param>
          </params>
          <reporter-output>
          </reporter-output>
        </test-method> <!-- setup -->
        <test-method signature="specialchar()[pri:4, instance:TestCase.TestCase_Ecommerce@6f01b95f]" started-at="2022-12-09T13:41:04 IST" name="specialchar" description="Testing add Coupon" finished-at="2022-12-09T13:41:26 IST" duration-ms="22323" status="PASS">
          <reporter-output>
          </reporter-output>
        </test-method> <!-- specialchar -->
        <test-method is-config="true" signature="tearDown()[pri:0, instance:TestCase.TestCase_Ecommerce@6f01b95f]" started-at="2022-12-09T13:41:26 IST" name="tearDown" finished-at="2022-12-09T13:41:27 IST" duration-ms="218" status="PASS">
          <reporter-output>
          </reporter-output>
        </test-method> <!-- tearDown -->
        <test-method is-config="true" signature="setup(java.lang.String,java.lang.String)[pri:0, instance:TestCase.TestCase_Ecommerce@6f01b95f]" started-at="2022-12-09T13:41:27 IST" name="setup" finished-at="2022-12-09T13:41:44 IST" duration-ms="17064" status="PASS">
          <params>
            <param index="0">
              <value>
                <![CDATA[chrome]]>
              </value>
            </param>
            <param index="1">
              <value>
                <![CDATA[https://products.pisystindia.com/Ecommerce/admin]]>
              </value>
            </param>
          </params>
          <reporter-output>
          </reporter-output>
        </test-method> <!-- setup -->
        <test-method signature="blank()[pri:5, instance:TestCase.TestCase_Ecommerce@6f01b95f]" started-at="2022-12-09T13:41:44 IST" name="blank" description="Testing add Coupon" finished-at="2022-12-09T13:41:58 IST" duration-ms="14363" status="PASS">
          <reporter-output>
          </reporter-output>
        </test-method> <!-- blank -->
        <test-method is-config="true" signature="tearDown()[pri:0, instance:TestCase.TestCase_Ecommerce@6f01b95f]" started-at="2022-12-09T13:41:58 IST" name="tearDown" finished-at="2022-12-09T13:41:58 IST" duration-ms="191" status="PASS">
          <reporter-output>
          </reporter-output>
        </test-method> <!-- tearDown -->
        <test-method is-config="true" signature="setup(java.lang.String,java.lang.String)[pri:0, instance:TestCase.TestCase_Ecommerce@6f01b95f]" started-at="2022-12-09T13:41:58 IST" name="setup" finished-at="2022-12-09T13:42:15 IST" duration-ms="17304" status="PASS">
          <params>
            <param index="0">
              <value>
                <![CDATA[chrome]]>
              </value>
            </param>
            <param index="1">
              <value>
                <![CDATA[https://products.pisystindia.com/Ecommerce/admin]]>
              </value>
            </param>
          </params>
          <reporter-output>
          </reporter-output>
        </test-method> <!-- setup -->
        <test-method signature="alphanumeric()[pri:6, instance:TestCase.TestCase_Ecommerce@6f01b95f]" started-at="2022-12-09T13:42:15 IST" name="alphanumeric" description="Testing add Coupon" finished-at="2022-12-09T13:42:33 IST" duration-ms="17191" status="PASS">
          <reporter-output>
          </reporter-output>
        </test-method> <!-- alphanumeric -->
        <test-method is-config="true" signature="tearDown()[pri:0, instance:TestCase.TestCase_Ecommerce@6f01b95f]" started-at="2022-12-09T13:42:33 IST" name="tearDown" finished-at="2022-12-09T13:42:33 IST" duration-ms="195" status="PASS">
          <reporter-output>
          </reporter-output>
        </test-method> <!-- tearDown -->
        <test-method is-config="true" signature="setup(java.lang.String,java.lang.String)[pri:0, instance:TestCase.TestCase_Ecommerce@6f01b95f]" started-at="2022-12-09T13:42:33 IST" name="setup" finished-at="2022-12-09T13:42:51 IST" duration-ms="17965" status="PASS">
          <params>
            <param index="0">
              <value>
                <![CDATA[chrome]]>
              </value>
            </param>
            <param index="1">
              <value>
                <![CDATA[https://products.pisystindia.com/Ecommerce/admin]]>
              </value>
            </param>
          </params>
          <reporter-output>
          </reporter-output>
        </test-method> <!-- setup -->
        <test-method signature="blankimage()[pri:7, instance:TestCase.TestCase_Ecommerce@6f01b95f]" started-at="2022-12-09T13:42:51 IST" name="blankimage" description="Testing add Coupon" finished-at="2022-12-09T13:43:02 IST" duration-ms="11285" status="PASS">
          <reporter-output>
          </reporter-output>
        </test-method> <!-- blankimage -->
        <test-method is-config="true" signature="tearDown()[pri:0, instance:TestCase.TestCase_Ecommerce@6f01b95f]" started-at="2022-12-09T13:43:02 IST" name="tearDown" finished-at="2022-12-09T13:43:02 IST" duration-ms="197" status="PASS">
          <reporter-output>
          </reporter-output>
        </test-method> <!-- tearDown -->
      </class> <!-- TestCase.TestCase_Ecommerce -->
    </test> <!-- Ecommerce_TestCase -->
  </suite> <!-- Update category -->
</testng-results>
